app/build/intermediates/manifest_merge_blame_file/debug/processDebugMainManifest/manifest-merger-blame-debug-report.txt
1<?xml version="1.0" encoding="utf-8"?>
2<manifest xmlns:android="http://schemas.android.com/apk/res/android"
3    package="com.rfid.hf" >
4
5    <uses-sdk
6        android:minSdkVersion="18"
7        android:targetSdkVersion="33" />
8
9    <uses-permission android:name="android.permission.BLUETOOTH_ADMIN" />
9-->src\main\AndroidManifest.xml:6:2-71
9-->src\main\AndroidManifest.xml:6:19-68
10    <uses-permission android:name="android.permission.BLUETOOTH" />
10-->src\main\AndroidManifest.xml:7:5-68
10-->src\main\AndroidManifest.xml:7:22-65
11    <uses-permission android:name="android.permission.ACCESS_WIFI_STATE" />
11-->src\main\AndroidManifest.xml:8:5-76
11-->src\main\AndroidManifest.xml:8:22-73
12    <uses-permission android:name="android.permission.INTERNET" />
12-->src\main\AndroidManifest.xml:9:5-67
12-->src\main\AndroidManifest.xml:9:22-64
13    <uses-permission android:name="android.permission.RECEIVE_BOOT_COMPLETED" />
13-->src\main\AndroidManifest.xml:10:5-81
13-->src\main\AndroidManifest.xml:10:22-78
14
15    <application
15-->src\main\AndroidManifest.xml:11:5-46:19
16        android:allowBackup="true"
16-->src\main\AndroidManifest.xml:12:9-35
17        android:appComponentFactory="android.support.v4.app.CoreComponentFactory"
17-->[com.android.support:support-compat:28.0.0] AndroidManifest.xml:22:18-91
18        android:debuggable="true"
19        android:extractNativeLibs="true"
20        android:icon="@drawable/ic_launcher"
20-->src\main\AndroidManifest.xml:13:9-45
21        android:label="@string/app_name"
21-->src\main\AndroidManifest.xml:14:9-41
22        android:theme="@style/AppTheme" >
22-->src\main\AndroidManifest.xml:15:9-40
23        <activity
23-->src\main\AndroidManifest.xml:16:9-25:20
24            android:name="com.rfid.hf.Connect232"
24-->src\main\AndroidManifest.xml:17:13-50
25            android:exported="true"
25-->src\main\AndroidManifest.xml:18:13-36
26            android:windowSoftInputMode="adjustPan" >
26-->src\main\AndroidManifest.xml:19:13-52
27            <intent-filter>
27-->src\main\AndroidManifest.xml:20:13-24:29
28                <action android:name="android.intent.action.MAIN" />
28-->src\main\AndroidManifest.xml:21:17-69
28-->src\main\AndroidManifest.xml:21:25-66
29
30                <category android:name="android.intent.category.LAUNCHER" />
30-->src\main\AndroidManifest.xml:23:17-77
30-->src\main\AndroidManifest.xml:23:27-74
31            </intent-filter>
32        </activity>
33        <activity
33-->src\main\AndroidManifest.xml:26:9-28:20
34            android:name="com.rfid.hf.MainHFActivity"
34-->src\main\AndroidManifest.xml:26:19-60
35            android:exported="true" >
35-->src\main\AndroidManifest.xml:27:13-36
36        </activity>
37        <activity
37-->src\main\AndroidManifest.xml:29:9-31:20
38            android:name="com.rfid.hf.ScanView"
38-->src\main\AndroidManifest.xml:29:19-54
39            android:exported="true" >
39-->src\main\AndroidManifest.xml:30:13-36
40        </activity>
41        <activity
41-->src\main\AndroidManifest.xml:32:9-34:20
42            android:name="com.rfid.hf.ScanMode"
42-->src\main\AndroidManifest.xml:32:19-54
43            android:exported="true" >
43-->src\main\AndroidManifest.xml:33:13-36
44        </activity>
45        <activity
45-->src\main\AndroidManifest.xml:35:9-37:20
46            android:name="com.rfid.hf.ScanModeGroup"
46-->src\main\AndroidManifest.xml:35:19-59
47            android:exported="true" >
47-->src\main\AndroidManifest.xml:36:13-36
48        </activity>
49        <activity
49-->src\main\AndroidManifest.xml:38:9-42:20
50            android:name="com.rfid.hf.RW_Activity"
50-->src\main\AndroidManifest.xml:39:13-51
51            android:exported="true"
51-->src\main\AndroidManifest.xml:40:13-36
52            android:label="@string/title_activity_rw_" >
52-->src\main\AndroidManifest.xml:41:13-55
53        </activity>
54
55        <service
55-->src\main\AndroidManifest.xml:43:9-45:38
56            android:name="com.rfid.hf.MyService"
56-->src\main\AndroidManifest.xml:44:13-38
57            android:enabled="true" />
57-->src\main\AndroidManifest.xml:45:13-35
58    </application>
59
60</manifest>